20:./Lib/Core/Constants.lua
0 0 0 0 0 0 0 0 0 0 0 22 22 26 26 26 26 26 4 4 
17:./Lib/I18n/en.lua
5 5 5 5 5 5 0 28 19 19 23 23 23 4 23 0 4 
78:./Lib/SDCC.lua
0 0 0 0 0 0 0 43 0 0 0 46 58 85 53 36 48 0 0 0 46 47 44 68 68 37 24 55 44 44 68 68 68 68 68 68 68 37 55 37 54 45 0 36 46 59 64 81 53 43 34 65 35 0 48 0 0 0 0 46 39 32 33 41 27 23 27 22 54 24 34 58 30 54 62 38 31 12 
23:./Test/ZOMock.lua
0 0 0 28 123 28 6 31 50 53 6 25 103 0 53 6 29 53 150 172 89 14 14 
163:/usr/local/share/lua/5.1/busted/block.lua
0 0 0 0 0 0 0 0 0 0 0 0 0 0 0 29 29 0 29 3553 0 3553 3582 0 29 209 209 3762 3553 3344 0 0 238 0 0 7 7 7 7 29 0 29 801 0 801 599 599 0 0 0 0 801 150 0 801 801 651 0 0 150 150 0 0 0 0 0 0 150 0 150 29 0 29 955 0 955 599 599 0 0 0 0 955 0 955 962 7 0 0 0 0 955 29 0 29 1105 1105 0 1105 1105 0 0 0 0 0 0 1105 599 0 0 0 1105 29 0 29 202 29 0 29 154 150 150 0 183 0 29 154 29 0 29 154 29 0 29 129 0 129 129 129 0 0 0 0 129 0 129 125 0 125 0 0 0 0 125 125 0 0 125 125 0 158 0 29 
38:/usr/local/share/lua/5.1/busted/compatibility.lua
0 0 0 0 0 0 0 0 0 0 0 0 0 0 0 0 0 0 0 0 0 0 0 0 0 0 0 0 0 0 0 0 0 0 0 0 13 13 
124:/usr/local/share/lua/5.1/busted/context.lua
0 0 0 58 2666 2608 0 58 58 58 58 58 0 0 0 58 2862 2804 0 5490 5432 0 58 0 0 0 0 0 0 0 0 0 0 0 0 0 0 0 7 7 14 7 7 0 7 14 0 21 0 0 21 21 0 28 0 7 0 0 338 338 58 280 7 273 0 0 338 338 0 0 338 338 0 0 338 58 0 338 0 0 5895 0 0 0 0 0 0 0 0 0 0 0 0 0 0 0 0 0 338 338 338 338 0 0 183 0 0 0 22923 0 0 0 1389 1389 1389 1389 1389 0 0 1389 1389 1389 1389 1389 
315:/usr/local/share/lua/5.1/busted/core.lua
0 0 0 0 0 0 0 0 0 0 11 0 0 0 0 0 0 0 0 0 0 0 0 0 0 0 21 21 11 10 0 0 10 0 0 0 32 0 0 0 29 0 0 0 0 0 0 0 0 0 0 0 0 0 0 0 0 0 0 0 0 0 0 0 0 0 0 0 0 330 330 0 330 330 377 341 47 47 0 0 330 330 0 330 330 0 0 0 21 21 21 21 0 21 21 0 0 0 0 0 21 0 0 0 1108 0 0 0 899 0 0 0 0 0 0 0 351 0 635 635 57 57 57 57 57 57 0 0 578 294 294 294 294 294 0 0 284 0 0 0 0 0 0 11 11 11 11 11 11 0 0 0 0 0 0 0 0 0 0 0 0 0 0 0 0 0 29 0 29 0 29 0 0 1389 1389 1389 0 2778 21 21 21 2799 0 1389 21 0 0 0 21 0 0 0 0 0 0 0 0 0 0 0 21 0 1389 0 1389 1389 0 0 0 720 720 720 360 360 360 360 360 360 0 1440 720 1440 720 0 0 0 0 0 0 0 0 0 0 0 0 0 0 0 0 0 0 0 0 0 0 0 0 0 0 0 0 0 0 0 0 0 0 0 338 7 7 0 0 338 0 338 338 309 0 0 0 338 676 0 338 338 0 0 0 0 0 0 338 338 338 338 338 338 338 338 338 338 338 338 0 0 338 0 338 182 0 156 0 338 0 0 0 154 492 338 338 662 338 0 154 
31:/usr/local/share/lua/5.1/busted/environment.lua
0 0 0 0 0 0 0 22577 0 22068 17755 22068 0 0 0 108 108 108 0 0 4822 0 0 0 108 108 0 0 0 0 29 
72:/usr/local/share/lua/5.1/busted/execute.lua
29 29 29 0 0 0 0 0 0 0 0 0 29 0 0 29 0 0 29 29 0 0 0 0 0 0 0 0 0 0 0 0 0 0 0 0 0 0 29 0 58 29 0 0 0 0 0 29 0 29 0 0 0 0 29 29 29 29 0 29 29 0 29 0 29 0 0 0 58 0 29 29 
127:/usr/local/share/lua/5.1/busted/init.lua
0 0 0 0 29 29 29 0 29 29 0 0 100 100 100 0 100 100 0 0 202 202 0 202 0 0 0 0 202 0 202 202 202 0 202 0 202 202 202 202 202 0 0 0 0 0 0 202 0 0 202 202 0 0 0 0 0 0 0 0 0 0 0 0 0 0 0 0 0 0 0 0 0 0 0 0 0 0 0 0 0 0 0 0 0 0 0 0 0 0 0 0 0 0 0 0 0 0 0 0 0 0 0 0 0 0 0 0 0 0 0 0 0 0 0 0 0 0 0 0 0 0 0 0 0 0 1100 
50:/usr/local/share/lua/5.1/busted/languages/en.lua
29 0 29 0 0 29 29 29 29 0 29 29 29 29 0 29 29 29 29 0 29 29 29 29 0 29 0 29 29 0 0 29 29 29 29 29 29 29 29 29 0 29 29 29 29 29 29 0 29 29 
23:/usr/local/share/lua/5.1/busted/modules/files/lua.lua
29 0 29 0 0 330 330 330 29 0 0 29 29 0 0 29 29 0 0 29 29 0 29 
107:/usr/local/share/lua/5.1/busted/modules/files/moonscript.lua
29 0 58 29 29 0 29 0 0 0 0 0 0 0 0 0 0 29 0 0 0 0 0 0 0 0 0 0 0 0 29 0 0 0 0 0 29 0 0 0 0 0 0 0 0 0 0 0 0 0 0 0 0 0 0 0 0 0 0 0 0 0 0 0 0 0 29 0 29 0 0 0 0 0 0 0 0 0 0 0 29 0 0 0 0 0 0 0 0 0 0 0 29 0 0 0 29 0 0 0 0 0 0 0 29 0 29 
129:/usr/local/share/lua/5.1/busted/modules/filter_loader.lua
0 0 0 202 202 0 599 599 397 397 0 0 202 29 0 0 0 0 29 0 0 302 0 0 0 0 302 29 0 0 202 202 0 0 0 0 202 29 0 0 302 0 0 0 0 302 29 0 0 202 0 0 0 0 202 29 0 0 0 0 0 0 0 0 0 0 0 29 0 0 0 29 0 29 0 0 0 0 0 0 29 0 0 0 29 0 0 232 406 290 0 0 261 0 0 0 0 0 0 0 0 29 0 29 0 0 0 0 0 0 0 0 0 0 0 0 0 0 29 29 29 29 0 0 29 29 29 29 29 
34:/usr/local/share/lua/5.1/busted/modules/output_handler_loader.lua
0 0 0 0 0 0 0 0 29 58 29 0 29 0 0 29 0 58 0 29 0 0 0 29 0 0 0 0 29 0 0 0 29 29 
101:/usr/local/share/lua/5.1/busted/modules/test_file_loader.lua
29 0 0 29 29 29 29 0 87 58 58 0 0 0 0 0 29 0 29 29 29 0 58 29 29 0 0 0 0 29 29 29 0 0 0 58 0 58 29 0 0 29 0 58 0 0 0 0 0 29 29 29 0 0 29 58 29 0 29 29 0 0 0 29 29 29 0 0 29 0 0 29 0 58 29 0 29 58 29 29 29 29 0 0 29 0 0 0 29 0 0 0 0 0 0 0 29 29 0 29 29 
179:/usr/local/share/lua/5.1/busted/outputHandlers/base.lua
0 29 29 29 29 29 29 29 29 29 29 29 0 0 0 606 29 0 0 29 29 0 29 0 0 0 29 29 29 29 29 29 29 29 29 29 58 0 0 206 206 0 607 603 0 401 401 0 0 206 29 0 0 0 206 2405 2199 1791 0 0 206 206 0 206 206 206 206 206 206 206 0 206 0 206 29 0 0 29 0 0 0 29 29 0 0 29 29 29 29 0 0 0 0 0 0 0 0 0 0 0 0 0 29 0 0 29 29 29 29 0 0 202 202 29 0 0 0 0 202 185 185 17 0 0 17 0 11 11 6 0 6 6 0 0 185 0 185 185 185 0 0 0 185 0 0 185 0 185 29 0 0 0 0 0 0 29 0 0 11 11 29 0 0 6 6 6 29 0 0 21 4 4 0 0 21 29 0 29 29 
188:/usr/local/share/lua/5.1/busted/outputHandlers/utfTerminal.lua
29 29 29 0 29 0 29 0 0 0 29 0 0 0 29 29 0 29 29 29 29 0 0 0 0 0 0 0 0 0 0 0 0 0 0 0 0 29 0 0 21 21 21 0 0 0 0 0 0 21 29 0 0 21 21 10 0 0 21 0 0 0 0 21 21 21 21 21 0 0 21 21 0 0 21 29 0 0 29 29 29 29 0 29 29 29 29 29 0 29 4 25 0 0 0 29 22 7 3 0 0 29 29 0 0 0 0 29 22 7 4 0 0 29 0 29 29 29 29 29 29 0 0 202 202 0 202 0 202 11 191 6 0 0 202 202 0 0 202 29 0 0 29 29 29 0 29 29 0 0 29 29 0 29 0 0 0 0 40 11 11 0 0 39 10 10 0 0 29 29 0 0 4 4 0 4 29 0 29 29 29 29 29 29 29 0 29 29 
208:/usr/local/share/lua/5.1/busted/runner.lua
0 0 0 0 0 0 0 0 0 0 0 0 0 0 0 0 0 0 0 0 0 0 0 0 0 0 0 0 0 0 0 0 0 0 0 0 0 0 0 0 0 0 0 0 0 0 0 0 0 0 0 0 0 0 0 0 0 0 0 29 0 0 0 0 0 0 29 0 0 0 0 29 0 0 0 0 0 29 29 0 0 29 29 0 0 0 29 29 0 0 0 0 0 29 29 29 0 58 0 0 29 0 58 0 0 29 0 58 10 10 10 29 0 58 11 11 0 0 0 11 11 29 0 0 29 29 29 0 0 58 29 29 29 29 29 29 29 0 0 0 29 29 0 0 0 0 0 0 0 0 0 0 0 0 0 0 0 0 0 29 0 0 0 0 0 0 0 0 58 29 29 29 29 29 29 29 0 0 29 0 29 29 29 58 29 29 29 29 0 0 0 0 0 0 29 29 58 29 29 29 0 0 29 0 29 13 0 16 
42:/usr/local/share/lua/5.1/busted/status.lua
0 1793 1793 1793 1793 1793 1793 1793 1793 0 1793 0 0 0 1591 1591 2447 1591 1591 1591 0 0 0 1591 0 0 0 1591 0 0 0 202 202 202 0 1793 0 0 3182 1591 1995 1591 
35:/usr/local/share/lua/5.1/busted/utils.lua
0 0 0 29 29 145 116 116 0 0 29 0 0 0 0 0 0 0 0 0 0 0 0 0 0 0 29 29 29 29 29 145 116 0 29 
49:/usr/local/share/lua/5.1/luarocks/core/dir.lua
0 0 0 0 0 0 0 0 0 0 0 0 0 0 0 0 1248 1248 0 0 1248 0 0 0 0 0 0 0 0 1664 0 1664 1664 1664 1664 0 1664 0 0 0 0 0 0 0 0 1664 1664 1664 1664 
78:/usr/local/share/lua/5.1/luarocks/core/manif.lua
0 0 0 0 0 0 0 0 0 0 0 0 0 0 0 0 0 0 0 0 0 0 0 0 0 0 0 0 0 0 0 0 832 832 0 0 0 0 0 0 0 0 0 0 416 416 416 0 0 0 0 0 0 0 0 0 0 0 832 0 832 832 416 0 0 416 416 0 0 0 416 832 832 832 416 0 1248 416 
147:/usr/local/share/lua/5.1/luarocks/core/path.lua
0 0 0 0 0 0 0 0 0 0 832 0 0 832 0 0 832 832 0 0 0 0 0 0 0 0 0 0 0 0 0 0 0 0 0 0 0 0 0 0 0 0 0 0 261 0 261 261 261 0 0 0 0 0 0 0 0 0 0 0 0 0 261 261 261 0 0 0 0 0 0 0 0 0 0 0 0 0 0 0 0 0 0 0 0 0 0 0 0 0 0 0 0 0 0 0 0 0 0 0 0 0 0 0 0 0 0 0 0 0 0 0 1664 0 0 1664 1664 0 0 0 0 0 0 0 0 0 0 0 416 416 416 0 0 416 416 0 0 1248 832 416 0 832 832 0 0 0 416 
75:/usr/local/share/lua/5.1/luarocks/core/persist.lua
0 0 0 0 0 0 0 0 0 0 0 0 0 416 416 416 0 0 0 0 0 0 0 0 0 0 0 0 0 0 0 0 0 0 0 0 0 0 0 0 0 0 0 0 0 0 0 0 0 0 0 0 0 0 0 0 416 416 0 416 416 416 0 0 416 0 416 416 0 416 0 416 0 416 416 
207:/usr/local/share/lua/5.1/luarocks/loader.lua
0 0 0 0 0 0 0 0 0 0 0 0 0 0 0 0 0 0 0 0 0 0 0 0 0 0 0 0 0 0 0 0 0 0 0 0 0 0 0 0 0 0 0 0 0 0 0 0 0 0 0 0 0 0 0 0 0 0 0 0 0 0 0 0 0 0 0 0 0 0 0 0 0 0 0 0 0 0 0 0 0 0 0 0 0 0 0 0 0 0 0 0 0 0 0 0 0 0 0 0 0 0 0 0 0 0 0 0 0 0 261 261 261 261 0 0 261 261 261 0 0 0 0 0 0 0 0 0 0 0 0 0 0 0 0 0 0 0 0 0 0 416 416 0 0 0 416 416 832 416 416 261 0 155 155 155 0 0 0 0 0 416 0 0 0 0 416 0 0 0 0 0 0 0 0 0 0 832 261 0 0 261 416 0 0 0 0 0 0 0 0 0 0 0 0 0 0 0 0 0 0 0 0 0 416 416 416 
177:/usr/local/share/lua/5.1/luassert/assert.lua
0 0 0 0 0 0 0 0 0 0 0 11 0 11 0 0 11 11 0 0 11 0 0 0 0 0 398 0 398 0 1016 618 0 0 398 660 440 220 0 0 0 220 220 220 0 214 11 11 0 0 11 11 0 0 203 0 0 203 0 178 178 178 0 356 178 178 0 0 0 0 178 0 0 0 1392 773 0 0 619 0 0 0 0 220 0 0 0 0 0 0 0 0 0 0 0 0 0 0 0 0 0 0 0 0 0 0 0 0 0 0 0 0 0 0 0 0 0 0 0 0 0 11 11 34 23 17 17 17 17 0 0 11 0 0 0 0 0 0 0 48 0 0 0 193 193 0 0 0 0 0 0 0 0 0 0 0 0 0 0 0 0 0 0 0 0 0 0 0 406 0 0 0 406 0 0 0 220 
135:/usr/local/share/lua/5.1/luassert/assertions.lua
0 0 0 0 0 0 0 0 0 0 0 0 0 0 0 0 0 0 42 0 0 42 0 0 0 0 0 0 0 0 0 0 0 0 0 0 0 0 0 0 0 0 0 0 0 0 0 0 0 0 0 0 0 0 0 0 0 0 0 0 0 0 0 0 0 0 0 0 0 0 0 0 0 0 0 0 0 0 0 0 0 0 0 0 0 0 0 0 0 0 0 0 0 0 0 0 0 0 0 0 0 0 0 0 0 0 0 0 0 0 0 0 17 17 17 17 0 17 17 17 0 0 0 25 25 25 25 25 0 25 25 25 25 25 25 
202:/usr/local/share/lua/5.1/luassert/formatters/init.lua
0 0 0 0 0 0 0 0 0 0 0 0 0 0 0 0 0 0 0 0 0 0 0 0 0 0 0 0 73 72 0 0 1 0 1 0 1 0 0 0 1 0 1 0 0 0 0 0 1 0 0 0 1 1 0 0 0 0 3 2 0 1 0 0 5 2 0 3 0 0 0 0 0 0 0 0 0 0 0 0 72 0 0 0 12 12 0 48 36 36 0 0 12 0 0 36 36 36 0 36 36 36 0 0 0 0 0 0 12 0 12 12 0 0 0 17 5 0 0 12 12 12 12 12 12 12 0 12 0 12 0 0 0 0 12 12 12 12 0 0 0 12 0 0 0 12 0 0 0 12 0 0 0 12 12 0 12 12 0 48 36 36 36 0 36 0 36 12 0 0 36 36 36 36 0 0 12 0 12 12 0 12 0 0 0 17 0 0 0 17 0 0 17 0 0 17 0 0 17 0 0 17 
76:/usr/local/share/lua/5.1/luassert/match.lua
0 0 0 0 0 342 0 0 0 0 0 329 329 0 329 0 987 658 0 0 329 987 658 329 0 0 0 329 329 329 658 329 329 329 658 0 0 0 0 0 0 0 0 0 0 0 0 0 0 0 987 658 0 0 329 0 0 0 0 0 0 329 0 0 2624 0 0 0 342 342 0 0 0 0 0 329 
148:/usr/local/share/lua/5.1/luassert/matchers/core.lua
0 0 0 0 0 0 0 0 0 0 0 0 0 0 0 0 0 0 0 0 0 0 0 0 0 0 0 0 0 0 0 0 0 0 0 0 0 0 0 0 0 0 0 0 0 0 0 0 0 0 0 0 0 0 0 0 0 0 0 0 0 0 0 0 0 0 0 0 0 0 0 0 0 0 0 0 0 0 0 0 0 0 0 0 0 0 0 0 0 0 0 0 0 0 0 0 0 0 0 0 0 146 146 146 146 146 146 0 150 146 0 0 0 0 0 0 0 0 0 0 0 0 0 0 0 0 0 0 0 0 0 0 0 0 0 0 0 0 0 192 183 0 0 0 0 21 105 57 
59:/usr/local/share/lua/5.1/luassert/mock.lua
0 0 0 0 0 0 0 0 0 0 0 0 0 0 0 0 0 0 108 0 482 0 206 144 518 374 0 144 482 0 168 36 132 0 0 132 0 482 0 482 482 108 108 0 0 0 0 0 0 0 0 0 0 0 0 0 0 0 108 
5:/usr/local/share/lua/5.1/luassert/modifiers.lua
0 0 0 0 549 
132:/usr/local/share/lua/5.1/luassert/spy.lua
0 0 0 0 0 0 0 313 313 313 0 313 313 313 313 313 313 0 0 0 0 0 0 193 193 0 0 386 193 193 193 0 193 193 0 0 0 0 0 0 0 0 0 193 0 0 0 0 0 193 0 0 22 0 0 0 0 22 193 0 0 150 193 0 0 0 193 193 193 193 0 0 0 2754 0 0 0 168 168 0 168 168 0 168 0 0 0 0 178 178 0 0 178 0 0 0 0 0 0 0 0 0 0 0 0 155 155 155 150 0 0 0 0 0 0 23 23 23 0 0 0 23 23 22 22 22 22 22 22 22 1 1 
124:/usr/local/share/lua/5.1/luassert/state.lua
0 0 0 0 0 0 0 0 0 0 0 0 0 0 0 0 0 0 0 0 0 0 0 0 0 0 0 0 0 0 0 0 0 0 0 0 0 0 0 0 0 0 0 0 0 0 0 0 0 0 0 0 0 0 0 0 0 0 0 0 0 0 0 0 0 0 0 0 0 0 0 0 0 0 0 0 0 0 0 0 0 0 0 0 0 0 0 0 17 77 77 77 0 0 0 0 0 0 0 0 0 0 0 0 0 0 0 0 48 48 48 0 0 0 48 48 0 0 0 0 0 0 193 193 
109:/usr/local/share/lua/5.1/luassert/stub.lua
0 0 0 0 0 0 0 0 0 36 0 0 0 0 36 36 36 36 36 0 36 36 80 36 36 36 0 80 80 80 80 0 0 80 36 0 36 36 36 0 0 0 0 0 0 0 0 36 0 0 0 0 0 0 0 0 36 0 0 0 0 0 0 36 0 36 36 36 36 0 0 0 0 0 0 0 0 0 0 0 0 0 0 0 0 0 0 0 0 0 0 0 36 0 36 0 0 0 0 0 0 0 0 0 0 0 0 0 36 
283:/usr/local/share/lua/5.1/luassert/util.lua
0 0 255 255 0 255 25 25 0 25 0 0 0 25 0 0 0 0 0 0 0 0 0 0 0 0 0 0 0 0 0 0 0 0 0 0 0 0 0 0 0 0 0 0 0 0 0 0 0 0 0 0 0 0 0 0 0 0 626 626 2106 1480 0 626 0 0 0 2044 2044 488 0 0 488 488 467 0 1535 1068 0 467 0 0 467 0 467 0 0 0 0 0 0 0 626 626 626 2106 1480 0 626 0 0 0 0 0 0 0 0 0 159 714 572 572 0 572 342 342 230 15 0 0 669 0 0 527 527 0 0 0 0 0 0 0 0 142 230 247 159 142 0 0 88 0 0 0 0 0 0 0 0 0 0 0 0 64 64 64 64 64 64 0 0 0 0 64 64 0 64 0 22 22 0 0 106 42 0 0 64 64 0 0 0 0 0 0 0 0 0 42 42 0 42 0 0 0 0 0 42 0 84 42 0 0 42 42 42 0 0 0 0 0 0 0 0 0 265 0 0 0 0 0 0 0 0 11 0 0 0 0 0 0 0 0 810 810 810 810 1764 954 954 954 0 810 810 0 0 0 0 0 0 0 0 727 0 0 727 727 727 2003 1276 1276 0 0 1276 1431 155 155 155 155 0 0 1276 1276 1276 0 1276 0 0 0 727 0 0 0 727 
154:/usr/local/share/lua/5.1/mediator.lua
0 899 0 0 0 899 899 899 899 0 0 0 0 0 899 0 899 899 0 0 0 0 0 713 713 713 713 713 713 0 0 899 899 0 899 0 899 580 580 0 435 0 0 899 0 899 713 0 0 0 0 0 0 0 0 0 0 0 0 713 0 0 0 0 0 0 0 0 713 0 0 713 713 713 0 0 0 713 0 0 3840 713 0 0 0 0 0 0 0 0 0 0 0 713 0 0 4412 2131 0 0 2131 0 2131 0 2131 2131 0 0 0 2281 1511 0 770 0 713 713 0 0 0 0 0 0 0 0 0 0 0 0 0 0 0 2007 0 5847 3840 0 0 2007 0 0 0 899 0 0 0 0 0 0 0 0 0 0 0 1108 
565:/usr/local/share/lua/5.1/pl/List.lua
0 0 0 0 0 0 0 0 0 0 0 0 0 0 0 0 0 0 0 0 29 29 29 29 29 29 29 0 29 29 0 0 29 29 0 29 0 29 0 0 0 0 0 0 0 0 29 0 0 0 29 0 29 0 29 0 29 0 0 0 0 0 0 29 0 0 0 0 0 0 0 0 0 0 0 0 29 0 0 0 0 29 0 0 0 29 0 0 0 0 29 0 0 29 0 29 0 0 0 0 0 29 0 0 0 29 0 0 0 0 0 0 29 0 0 0 29 0 0 0 0 29 0 29 0 0 0 0 0 29 0 0 0 29 0 0 0 0 0 0 0 29 0 0 0 0 29 0 0 0 0 0 0 29 0 0 0 29 0 29 0 0 0 0 0 0 0 0 29 29 0 0 0 0 29 0 29 0 0 0 0 29 0 0 0 0 0 29 0 0 0 0 29 0 0 0 29 0 0 0 0 29 0 29 0 0 0 29 0 0 0 0 0 0 0 29 0 0 0 0 29 0 0 0 0 0 0 0 29 0 0 0 0 0 0 0 0 29 0 29 0 0 0 29 0 0 29 0 29 0 0 0 0 0 0 0 0 0 0 0 29 0 0 0 0 0 0 0 0 0 0 0 0 0 0 0 29 0 0 29 0 29 0 0 0 0 0 0 0 0 29 0 29 0 0 0 0 0 0 0 29 0 0 0 0 0 0 0 0 29 0 0 0 0 0 0 29 0 0 0 0 0 0 29 0 0 0 0 0 29 0 0 0 0 29 0 0 0 0 0 29 0 0 0 0 0 29 0 0 0 0 0 29 0 0 0 29 0 0 0 0 0 0 29 0 0 0 0 0 0 0 29 0 0 0 0 29 0 29 0 0 0 0 29 0 0 0 0 29 0 0 0 0 0 29 0 0 0 0 29 0 0 0 0 0 29 0 0 0 0 0 29 0 29 0 0 0 0 0 0 29 0 0 29 0 0 0 0 0 0 0 0 29 0 29 0 0 0 0 0 0 29 0 0 29 0 0 0 0 0 0 0 0 29 0 29 0 0 0 0 0 0 0 29 0 0 0 0 0 0 0 29 0 0 0 0 0 29 0 29 0 0 0 0 0 0 0 0 0 0 0 29 0 29 0 0 0 0 0 29 0 29 0 0 0 0 0 0 0 0 29 0 0 0 0 0 0 0 0 0 0 29 0 0 29 0 29 0 0 0 0 0 0 0 29 0 0 0 0 0 0 0 0 0 0 0 0 0 0 0 0 0 0 0 0 0 0 0 0 0 0 29 29 0 29 
214:/usr/local/share/lua/5.1/pl/class.lua
0 0 0 0 0 0 0 0 0 0 0 0 0 0 0 0 0 0 0 0 0 0 0 0 0 0 0 0 0 0 0 0 0 0 0 0 0 0 0 0 0 0 0 0 0 0 0 0 0 0 0 0 0 0 0 0 0 0 0 0 0 0 0 0 0 0 0 0 0 0 0 0 0 0 0 0 0 0 0 0 0 0 0 0 0 0 0 0 0 0 0 0 0 0 0 0 0 0 0 0 0 0 0 0 0 0 0 0 0 0 0 0 0 0 0 0 0 0 0 0 0 0 0 0 29 0 29 29 0 0 0 29 0 0 29 0 0 0 0 0 0 29 0 0 0 29 29 29 29 0 0 29 0 0 0 0 0 0 0 0 0 0 0 0 0 0 0 0 0 0 0 0 0 0 0 0 0 0 29 0 0 0 0 0 0 0 0 29 29 29 29 29 0 29 29 0 0 29 0 0 0 0 0 0 0 0 0 0 0 0 0 0 0 29 
475:/usr/local/share/lua/5.1/pl/dir.lua
0 0 0 0 0 0 0 29 29 29 29 29 29 29 29 29 29 29 29 29 0 29 0 0 29 29 0 0 29 58 0 0 29 29 29 0 0 0 0 0 0 0 0 0 0 29 0 0 0 29 0 0 0 0 0 0 29 0 0 0 0 0 0 0 0 29 0 0 0 0 0 0 0 0 0 0 0 0 0 0 29 0 0 0 0 0 0 29 0 0 0 0 0 0 0 0 0 0 29 0 0 0 0 0 29 0 0 29 0 29 0 0 0 0 0 0 0 0 0 0 0 0 0 0 29 0 0 0 0 0 0 0 0 0 0 0 0 0 0 0 0 0 0 0 0 0 0 0 0 0 0 0 0 0 0 0 0 0 0 0 0 0 0 0 0 0 0 0 0 0 0 0 0 0 0 0 0 0 0 0 0 0 29 0 0 0 29 0 0 0 0 0 0 0 0 0 0 0 0 0 0 0 0 0 0 0 0 0 0 0 0 0 0 0 0 0 0 0 0 0 0 0 0 0 0 0 0 0 29 0 0 0 0 0 0 0 29 0 0 0 0 29 0 0 0 0 0 0 29 0 0 0 29 0 0 0 0 0 0 0 0 0 0 0 0 0 0 0 0 29 0 0 0 0 0 0 0 0 0 29 0 0 0 0 0 0 0 0 0 0 0 0 0 0 29 0 0 0 0 0 0 0 0 29 0 0 0 0 0 0 29 0 0 0 0 0 0 0 0 0 0 0 29 0 29 29 0 0 29 0 0 29 0 0 0 0 0 0 0 0 0 0 0 0 0 29 0 0 0 0 0 0 29 0 0 0 0 0 29 0 0 0 0 0 0 0 0 0 0 0 0 0 0 29 0 0 0 0 0 0 0 0 0 0 0 0 0 0 0 0 0 0 0 0 0 0 0 0 0 0 0 0 0 0 0 0 0 0 0 0 0 0 0 0 0 29 0 0 0 0 0 29 29 29 29 0 29 29 0 0 0 0 116 87 29 29 29 29 29 0 0 0 0 0 58 0 58 29 0 0 0 0 0 0 0 0 29 29 29 0 29 29 58 29 29 29 29 0 0 0 0 29 29 0 29 
306:/usr/local/share/lua/5.1/pl/lexer.lua
0 0 0 0 0 0 0 0 0 0 0 0 0 0 0 0 0 0 0 0 0 0 0 0 0 0 0 0 0 0 0 0 0 0 0 0 0 0 0 0 0 0 0 0 0 0 0 0 0 0 0 0 0 0 0 0 0 0 0 0 0 0 0 0 0 0 0 0 0 0 0 0 0 0 0 0 0 0 0 0 0 0 0 0 0 0 0 0 0 0 0 0 0 0 0 0 0 0 0 0 0 0 0 0 0 0 0 0 0 0 0 0 0 0 0 0 0 0 0 0 0 0 0 0 0 0 0 0 0 0 0 0 0 0 0 0 0 0 0 0 0 0 0 0 0 0 0 0 0 0 0 0 0 0 0 0 0 0 0 0 0 0 0 0 0 0 0 0 0 0 0 0 0 0 0 0 0 0 0 0 0 0 0 0 0 0 0 0 0 0 0 0 0 0 0 0 0 0 0 0 0 0 0 0 0 0 0 0 0 0 0 0 0 0 0 0 0 0 0 0 0 0 0 0 0 0 0 0 0 0 0 0 0 0 0 0 0 0 0 0 0 0 0 0 0 0 0 0 0 0 0 0 0 0 0 0 0 0 0 0 0 0 0 0 0 0 0 0 0 0 0 0 0 0 0 0 0 0 0 0 0 0 0 0 0 0 0 0 0 0 0 0 0 0 9 9 9 9 9 9 9 9 9 9 0 9 
275:/usr/local/share/lua/5.1/pl/path.lua
0 0 0 0 0 0 0 0 0 0 0 0 0 0 0 0 0 0 0 0 0 0 0 0 0 0 0 0 0 0 0 0 0 0 0 0 0 0 0 0 0 0 0 0 0 0 0 0 0 0 0 0 0 0 87 87 0 0 87 0 0 0 0 0 29 29 0 0 0 0 0 0 0 0 0 0 0 0 0 0 0 0 0 0 0 0 0 0 0 0 29 29 0 0 0 0 0 0 0 0 0 0 0 0 0 0 0 0 0 0 0 0 0 0 0 0 0 8196 0 0 0 0 0 0 0 0 0 0 0 0 0 0 0 0 0 0 0 0 0 0 0 0 0 0 0 0 0 0 0 700 700 700 8080 7380 7380 0 700 0 0 700 0 0 0 0 0 0 0 0 0 0 0 0 0 0 0 0 0 0 0 0 0 0 0 0 0 0 0 29 29 29 116 87 0 0 87 87 0 29 0 0 29 0 0 0 0 0 0 671 671 671 0 0 0 0 0 29 29 29 0 0 0 0 0 29 29 29 0 0 0 0 0 0 0 0 0 0 0 0 0 0 0 0 0 0 0 0 0 0 0 0 0 0 0 0 0 0 0 0 0 0 0 0 0 0 0 0 0 0 0 0 58 58 0 0 58 
307:/usr/local/share/lua/5.1/pl/pretty.lua
0 0 0 0 0 0 0 0 0 0 0 0 0 0 0 0 0 0 0 0 0 0 0 60 52 8 0 8 0 8 0 8 8 0 0 0 0 0 0 0 0 0 0 0 0 0 0 0 0 0 0 0 0 0 0 0 0 0 0 0 0 0 0 0 0 0 0 0 0 0 0 0 0 0 0 0 0 0 0 0 0 0 0 0 0 0 0 0 0 0 0 0 0 0 0 0 0 0 0 0 0 0 0 0 0 0 0 0 0 0 0 0 0 0 0 0 0 0 0 0 0 0 0 0 0 0 0 0 0 0 0 0 0 0 60 0 0 60 0 60 0 0 0 0 0 120 0 0 0 0 0 0 0 0 0 0 0 0 0 0 0 0 0 0 0 0 0 0 0 0 0 0 0 0 0 0 0 0 0 0 9 0 0 0 0 9 9 0 9 9 9 9 9 9 0 0 0 120 120 0 129 0 0 163 120 120 120 0 43 0 172 0 0 43 43 43 43 0 52 0 0 9 0 129 129 60 69 0 0 0 0 0 0 35 34 34 0 0 0 34 34 34 34 34 34 0 0 0 0 0 34 154 120 120 0 0 34 0 120 120 120 0 0 0 0 120 120 0 0 120 0 0 120 120 0 0 154 154 120 120 120 0 154 120 0 0 0 34 34 34 0 0 0 138 9 9 9 0 0 0 0 0 0 0 9 9 9 
557:/usr/local/share/lua/5.1/pl/stringx.lua
0 0 0 0 0 0 0 0 0 0 0 0 0 0 0 0 0 0 0 0 0 0 0 0 0 0 0 71 71 0 0 0 0 0 0 0 0 0 0 0 0 0 0 0 0 0 0 0 0 0 0 0 0 0 0 0 0 0 0 0 0 0 0 0 0 0 0 0 0 0 0 0 0 0 0 0 0 0 0 0 0 0 0 0 0 0 0 0 0 0 0 0 0 0 0 0 0 0 0 0 0 0 0 0 0 0 0 0 0 0 0 0 0 0 0 0 0 0 0 0 0 0 0 0 0 0 0 0 0 0 0 0 0 0 0 0 0 0 0 0 0 0 0 0 0 0 0 0 0 0 0 0 0 0 0 0 0 0 0 0 0 0 0 0 0 0 0 0 0 0 0 0 0 0 0 0 0 0 0 0 0 0 0 0 0 0 0 0 0 0 0 0 0 0 0 0 0 0 0 0 0 0 0 0 0 0 0 0 0 0 0 0 0 0 0 0 0 0 0 0 0 0 0 0 0 0 0 0 0 0 0 0 0 0 0 0 0 0 0 0 0 0 0 0 0 0 0 0 0 0 0 0 0 0 0 0 0 0 0 0 0 0 0 0 0 0 0 0 0 0 0 0 0 0 0 0 0 0 0 0 0 0 0 0 0 0 0 0 0 0 0 0 0 0 0 0 0 0 0 0 0 0 0 0 0 0 0 0 0 0 0 0 0 0 0 0 0 0 0 0 0 0 0 0 0 0 0 0 0 0 0 0 0 0 0 0 0 0 0 0 0 0 0 0 0 0 0 0 0 0 0 0 0 0 0 0 0 0 0 0 0 0 0 0 0 0 0 0 0 0 0 0 0 0 0 0 0 0 0 0 0 0 0 0 0 0 0 0 0 0 0 0 0 0 0 0 0 0 0 0 0 0 0 0 0 0 0 0 0 0 0 0 0 0 0 0 0 0 0 0 0 0 0 0 0 0 0 0 0 0 0 0 0 0 0 0 0 0 0 0 0 0 0 0 0 0 0 0 0 0 0 0 0 0 0 0 0 0 0 0 0 0 0 0 0 0 0 0 0 0 0 0 0 0 0 0 0 0 0 0 0 0 0 0 0 0 0 0 0 0 0 0 0 0 0 0 0 0 0 0 0 0 0 0 0 0 0 0 0 0 0 0 0 0 0 0 0 71 71 71 0 71 71 0 0 71 0 71 0 0 0 0 0 0 71 0 0 0 71 0 0 0 71 0 0 0 0 0 0 0 0 0 0 0 71 0 71 
830:/usr/local/share/lua/5.1/pl/tablex.lua
0 0 0 0 0 0 0 0 0 0 0 0 0 0 0 0 0 0 0 0 0 58 58 0 0 0 0 0 0 0 0 0 0 0 0 0 0 0 58 0 0 58 0 0 87 0 0 87 0 0 0 0 0 0 0 0 0 0 0 0 0 0 0 0 0 0 0 0 0 0 0 0 0 0 0 0 0 0 0 0 0 0 0 0 0 0 0 0 0 87 87 5423 5336 0 87 0 0 0 0 0 0 0 0 0 0 0 0 0 0 0 0 0 0 0 0 0 0 0 0 0 0 0 0 0 0 0 0 0 0 0 0 0 0 0 0 0 0 0 0 0 0 0 0 0 0 0 0 0 0 0 0 0 0 0 0 0 0 0 0 0 0 0 0 0 0 0 0 0 0 0 0 0 0 0 0 0 0 0 0 0 0 0 0 0 0 0 0 0 0 0 0 0 0 0 0 0 0 0 0 0 0 0 0 0 0 0 0 0 0 0 0 0 0 0 0 0 0 0 0 0 0 0 0 0 0 0 0 0 0 0 0 0 0 0 0 0 0 0 0 0 0 0 0 0 0 0 0 0 0 0 0 0 0 0 0 0 0 0 0 0 0 0 0 0 0 0 0 0 0 0 0 0 0 0 0 0 0 0 0 0 0 0 0 0 0 0 0 0 0 0 0 0 0 0 0 0 0 0 0 0 0 0 0 0 0 0 0 0 0 0 0 0 0 0 0 0 0 0 0 0 0 0 0 0 0 0 0 0 0 0 0 0 0 0 0 0 0 0 0 0 0 0 0 0 0 0 0 0 0 0 0 0 0 0 0 0 0 0 0 0 0 0 0 0 0 0 0 0 0 0 0 0 0 0 0 0 0 0 0 0 0 0 0 0 0 0 0 0 0 0 0 0 0 0 0 0 0 0 0 0 0 0 0 0 0 0 0 0 0 0 0 0 0 0 0 0 0 0 0 0 0 0 0 0 0 0 0 0 0 0 0 0 0 0 0 0 0 0 0 0 0 0 0 0 0 0 0 0 0 0 0 0 0 0 0 0 0 0 0 0 0 0 0 0 0 0 0 0 0 0 0 0 0 0 0 0 0 0 0 0 0 0 0 0 0 0 0 0 0 0 0 0 0 0 0 0 0 0 0 0 0 0 0 0 0 0 0 0 0 0 0 0 0 0 0 0 0 0 0 0 0 0 0 0 0 0 0 0 0 0 0 0 0 0 0 0 0 0 0 0 0 0 0 0 0 0 0 0 0 0 0 0 0 0 0 0 0 0 0 0 0 0 0 0 0 0 0 0 0 0 0 0 0 0 0 0 0 0 0 0 0 0 0 0 0 0 0 0 0 0 0 0 0 0 0 0 0 0 0 0 0 0 0 0 0 0 0 0 0 0 0 0 0 0 0 0 0 0 0 0 0 0 0 0 0 0 0 0 0 0 0 0 0 0 0 0 0 0 0 0 0 0 0 0 0 0 0 0 0 0 0 0 0 0 0 0 0 0 0 0 0 0 0 0 0 58 58 58 116 58 58 58 58 0 0 58 0 0 0 0 0 0 0 0 0 0 0 0 0 0 0 0 0 0 0 0 0 0 0 0 0 0 0 0 0 0 0 0 0 0 0 0 0 0 0 0 0 0 0 0 0 0 0 0 0 0 0 0 0 0 0 0 0 0 0 0 0 0 0 0 0 0 0 0 0 0 0 0 0 0 0 0 0 0 0 0 0 0 0 0 0 0 0 0 0 0 0 0 0 0 0 0 0 0 0 0 0 0 0 0 0 0 0 0 0 0 0 0 0 0 0 0 0 0 0 0 0 0 0 0 0 0 0 0 0 0 0 0 0 0 0 0 0 29 29 29 29 0 0 0 29 29 0 0 29 58 29 0 0 29 
115:/usr/local/share/lua/5.1/pl/types.lua
0 0 0 0 0 0 0 0 0 0 0 0 0 0 0 0 0 0 0 0 0 0 0 0 0 0 0 0 0 0 0 0 0 0 0 0 0 0 0 0 0 0 0 0 0 0 0 0 0 0 0 0 0 0 0 0 0 0 0 0 0 0 0 0 0 0 0 0 0 0 0 0 0 0 0 0 0 0 0 0 0 0 0 0 145 0 0 0 0 0 0 0 0 0 0 0 0 0 58 58 0 0 0 0 0 0 0 0 0 0 0 0 0 87 87 
462:/usr/local/share/lua/5.1/pl/utils.lua
0 0 0 0 0 0 0 0 0 0 0 0 0 0 0 0 0 0 0 0 0 0 0 0 0 0 0 0 0 0 0 0 0 0 0 0 0 0 0 0 0 0 0 0 0 0 0 0 0 0 0 0 0 0 0 0 0 0 0 0 0 0 0 0 0 0 0 0 0 0 0 0 0 0 0 0 0 0 0 0 0 0 0 0 0 0 0 0 0 0 0 0 0 0 0 0 0 0 0 0 0 0 0 0 0 0 0 0 0 0 0 0 0 0 0 0 0 0 0 0 0 0 0 0 0 0 0 0 0 0 0 0 0 0 0 0 0 0 0 0 0 0 0 0 0 0 0 0 0 0 0 0 0 0 0 0 0 0 0 0 0 0 0 0 0 0 0 0 0 0 0 0 0 0 0 0 0 0 0 0 0 0 0 0 0 1877 0 0 1877 0 0 1877 0 0 0 0 0 0 0 0 0 0 0 0 0 58 58 58 0 0 0 0 0 0 0 0 0 0 0 0 0 0 0 0 0 0 0 0 0 0 0 0 0 0 0 0 0 0 0 0 0 0 0 0 0 1690 0 0 0 0 0 0 0 0 0 0 0 0 0 0 0 0 0 0 0 0 0 0 0 0 0 0 0 0 0 0 0 0 0 0 0 0 0 0 0 0 0 0 0 0 0 0 0 0 0 0 0 0 0 0 0 0 0 0 0 0 0 0 0 0 0 0 0 0 0 0 0 0 0 0 0 0 0 0 0 0 0 0 0 0 0 0 0 0 0 0 0 0 0 0 0 0 0 0 0 0 0 0 0 0 0 0 0 0 0 0 0 0 0 0 0 0 0 0 0 0 0 0 0 0 0 0 0 0 0 0 0 0 0 0 0 0 0 0 0 0 0 0 0 0 0 0 0 0 0 0 0 0 0 0 0 0 0 0 0 0 0 0 0 0 0 0 0 0 0 0 0 0 0 0 0 0 0 0 0 0 0 0 0 0 0 0 0 0 0 0 0 0 0 0 0 0 0 0 0 0 0 0 0 0 0 0 0 0 0 0 0 0 0 0 29 29 
48:/usr/local/share/lua/5.1/say/init.lua
0 0 0 0 0 0 0 0 0 0 0 0 0 29 29 0 0 29 0 0 0 0 0 0 0 0 0 551 551 0 0 0 0 605 0 605 0 605 0 0 605 605 0 1776 1171 0 0 605 
39:/usr/local/share/lua/5.1/term/colors.lua
0 0 0 0 0 0 0 0 0 0 0 0 0 0 0 0 0 0 0 0 0 0 0 0 0 0 0 0 0 0 710 0 0 0 710 0 0 0 355 
85:Test/Lib/SDCC_spec.lua
29 28 28 2 48 50 26 25 25 49 2 48 50 26 25 25 49 50 3 48 21 48 24 39 30 27 49 30 3 36 18 3 36 33 15 36 18 30 21 20 6 35 32 22 32 15 22 34 33 19 19 21 34 34 31 17 17 20 34 32 33 30 19 18 19 21 23 31 24 21 14 21 28 14 21 21 17 25 21 24 18 23 28 38 12 
